<?xml version="1.0" encoding="UTF-8"?>
<!-- Generated by org.testng.reporters.JUnitReportReporter -->
<testsuite hostname="AMMU21515" failures="0" tests="1" name="Testcases.TableTest" time="20.925" errors="0" timestamp="2024-05-09T21:14:47 IST" skipped="0">
  <testcase classname="Testcases.TableTest" name="verifyofficename" time="20.925"/>
  <system-out/>
</testsuite> <!-- Testcases.TableTest -->
