<?xml version="1.0" encoding="UTF-8"?>
<!-- Generated by org.testng.reporters.JUnitReportReporter -->
<testsuite hostname="AMMU21515" failures="0" tests="2" name="Testcases.InputFormTest" time="11.561" errors="0" timestamp="2024-05-08T17:48:39 IST" skipped="0">
  <testcase classname="Testcases.InputFormTest" name="verifysingleinputtext" time="4.832"/>
  <system-out/>
  <testcase classname="Testcases.InputFormTest" name="verifyShowMsgtext" time="6.729"/>
  <system-out/>
</testsuite> <!-- Testcases.InputFormTest -->
