<?xml version="1.0" encoding="UTF-8"?>
<!-- Generated by org.testng.reporters.JUnitReportReporter -->
<testsuite hostname="AMMU21515" failures="0" tests="1" name="Testcases.DatePickerTest" time="14.516" errors="0" timestamp="2024-05-10T18:09:36 IST" skipped="0">
  <testcase classname="Testcases.DatePickerTest" name="verifyDateSelection" time="14.516"/>
  <system-out/>
</testsuite> <!-- Testcases.DatePickerTest -->
