<?xml version="1.0" encoding="UTF-8"?>
<!-- Generated by org.testng.reporters.JUnitReportReporter -->
<testsuite hostname="AMMU21515" failures="0" tests="1" name="Testcases.HomeTest" time="6.086" errors="0" timestamp="2024-05-08T17:40:49 IST" skipped="0">
  <testcase classname="Testcases.HomeTest" name="VerifyHomeLogo" time="6.086"/>
  <system-out/>
</testsuite> <!-- Testcases.HomeTest -->
